<?xml version="1.0" encoding="UTF-8"?>
<!-- Generated by org.testng.reporters.JUnitReportReporter -->
<testsuite hostname="DESKTOP-KPE2MIM" failures="0" tests="1" name="Test.LoginPageTest" time="22.531" errors="0" timestamp="2024-12-16T13:27:45 IST" skipped="0">
  <testcase classname="Test.LoginPageTest" name="LoginZeil" time="22.531"/>
  <system-out/>
</testsuite> <!-- Test.LoginPageTest -->
