<?xml version="1.0" encoding="UTF-8"?>
<!-- Generated by org.testng.reporters.JUnitReportReporter -->
<testsuite hostname="DESKTOP-KPE2MIM" failures="0" tests="1" name="Test.LoginPageTest" time="20.349" errors="0" timestamp="2024-12-11T19:01:11 IST" skipped="0">
  <testcase classname="Test.LoginPageTest" name="LoginZeil" time="20.349"/>
  <system-out/>
</testsuite> <!-- Test.LoginPageTest -->
