<?xml version="1.0" encoding="UTF-8"?>
<!-- Generated by org.testng.reporters.JUnitReportReporter -->
<testsuite hostname="DESKTOP-KPE2MIM" failures="0" tests="1" name="Test.LoginPageTest" time="21.513" errors="0" timestamp="2024-12-17T18:04:15 IST" skipped="0">
  <testcase classname="Test.LoginPageTest" name="LoginZeil" time="21.513"/>
  <system-out/>
</testsuite> <!-- Test.LoginPageTest -->
