<?xml version="1.0" encoding="UTF-8"?>
<!-- Generated by org.testng.reporters.JUnitReportReporter -->
<testsuite hostname="DESKTOP-KPE2MIM" failures="0" tests="1" name="Test.LoginPageTest" time="23.907" errors="0" timestamp="2024-12-13T16:06:28 IST" skipped="0">
  <testcase classname="Test.LoginPageTest" name="LoginZeil" time="23.907"/>
  <system-out/>
</testsuite> <!-- Test.LoginPageTest -->
